#
# There is insufficient memory for the Java Runtime Environment to continue.
# Native memory allocation (malloc) failed to allocate 1048576 bytes for AllocateHeap
# Possible reasons:
#   The system is out of physical RAM or swap space
#   In 32 bit mode, the process size limit was hit
# Possible solutions:
#   Reduce memory load on the system
#   Increase physical memory or swap space
#   Check if swap backing store is full
#   Use 64 bit Java on a 64 bit OS
#   Decrease Java heap size (-Xmx/-Xms)
#   Decrease number of Java threads
#   Decrease Java thread stack sizes (-Xss)
#   Set larger code cache with -XX:ReservedCodeCacheSize=
# This output file may be truncated or incomplete.
#
#  Out of Memory Error (memory/allocation.inline.hpp:61), pid=8672, tid=0x00000000000023fc
#
# JRE version:  (8.0_181-b13) (build )
# Java VM: Java HotSpot(TM) 64-Bit Server VM (25.181-b13 mixed mode windows-amd64 compressed oops)
# Failed to write core dump. Minidumps are not enabled by default on client versions of Windows
#

---------------  T H R E A D  ---------------

Current thread (0x00000000026c0000):  JavaThread "Unknown thread" [_thread_in_vm, id=9212, stack(0x0000000002970000,0x0000000002a70000)]

Stack: [0x0000000002970000,0x0000000002a70000]
[error occurred during error reporting (printing stack bounds), id 0xc0000005]

Native frames: (J=compiled Java code, j=interpreted, Vv=VM code, C=native code)


---------------  P R O C E S S  ---------------

Java Threads: ( => current thread )

Other Threads:

=>0x00000000026c0000 (exited) JavaThread "Unknown thread" [_thread_in_vm, id=9212, stack(0x0000000002970000,0x0000000002a70000)]

VM state:not at safepoint (normal execution)

VM Mutex/Monitor currently owned by a thread: None

Heap:
 PSYoungGen      total 9728K, used 174K [0x00000000f5800000, 0x00000000f6280000, 0x0000000100000000)
  eden space 8704K, 2% used [0x00000000f5800000,0x00000000f582b860,0x00000000f6080000)
  from space 1024K, 0% used [0x00000000f6180000,0x00000000f6180000,0x00000000f6280000)
  to   space 1024K, 0% used [0x00000000f6080000,0x00000000f6080000,0x00000000f6180000)
 ParOldGen       total 22016K, used 0K [0x00000000e0800000, 0x00000000e1d80000, 0x00000000f5800000)
  object space 22016K, 0% used [0x00000000e0800000,0x00000000e0800000,0x00000000e1d80000)
 Metaspace       used 751K, capacity 4480K, committed 4480K, reserved 1056768K
  class space    used 76K, capacity 384K, committed 384K, reserved 1048576K

Card table byte_map: [0x00000000027a0000,0x00000000028a0000] byte_map_base: 0x000000000209c000

Marking Bits: (ParMarkBitMap*) 0x0000000067112d00
 Begin Bits: [0x00000000121d0000, 0x00000000129b0000)
 End Bits:   [0x00000000129b0000, 0x0000000013190000)

Polling page: 0x0000000000140000

CodeCache: size=245760Kb used=327Kb max_used=327Kb free=245432Kb
 bounds [0x0000000002a70000, 0x0000000002ce0000, 0x0000000011a70000]
 total_blobs=56 nmethods=0 adapters=38
 compilation: enabled

Compilation events (0 events):
No events

GC Heap History (0 events):
No events

Deoptimization events (0 events):
No events

Classes redefined (0 events):
No events

Internal exceptions (0 events):
No events

Events (10 events):
Event: 0.812 loading class java/lang/Short
Event: 0.812 loading class java/lang/Short done
Event: 0.812 loading class java/lang/Integer
Event: 0.824 loading class java/lang/Integer done
Event: 0.824 loading class java/lang/Long
Event: 0.824 loading class java/lang/Long done
Event: 0.825 loading class java/lang/NullPointerException
Event: 0.825 loading class java/lang/NullPointerException done
Event: 0.825 loading class java/lang/ArithmeticException
Event: 0.825 loading class java/lang/ArithmeticException done


Dynamic libraries:
0x000000013f7a0000 - 0x000000013f7d7000 	C:\Program Files\Java\jre1.8.0_181\bin\javaw.exe
0x0000000076e60000 - 0x000000007700a000 	C:\Windows\SYSTEM32\ntdll.dll
0x0000000076c40000 - 0x0000000076d5f000 	C:\Windows\system32\kernel32.dll
0x000007fefcc20000 - 0x000007fefcc8a000 	C:\Windows\system32\KERNELBASE.dll
0x000007fefe590000 - 0x000007fefe66b000 	C:\Windows\system32\ADVAPI32.dll
0x000007fefe4f0000 - 0x000007fefe58f000 	C:\Windows\system32\msvcrt.dll
0x000007fefeb10000 - 0x000007fefeb2f000 	C:\Windows\SYSTEM32\sechost.dll
0x000007fefe670000 - 0x000007fefe79d000 	C:\Windows\system32\RPCRT4.dll
0x0000000076d60000 - 0x0000000076e5a000 	C:\Windows\system32\USER32.dll
0x000007fefd220000 - 0x000007fefd287000 	C:\Windows\system32\GDI32.dll
0x000007fefe340000 - 0x000007fefe34e000 	C:\Windows\system32\LPK.dll
0x000007fefeb30000 - 0x000007fefebfa000 	C:\Windows\system32\USP10.dll
0x000007fefafd0000 - 0x000007fefb1c4000 	C:\Windows\WinSxS\amd64_microsoft.windows.common-controls_6595b64144ccf1df_6.0.7601.23403_none_e36ad4593102f066\COMCTL32.dll
0x000007fefe3b0000 - 0x000007fefe421000 	C:\Windows\system32\SHLWAPI.dll
0x000007fefeae0000 - 0x000007fefeb0e000 	C:\Windows\system32\IMM32.DLL
0x000007fefe230000 - 0x000007fefe339000 	C:\Windows\system32\MSCTF.dll
0x000000006b8a0000 - 0x000000006b90e000 	c:\program files (x86)\f-secure\hips\fshook64.dll
0x0000000077020000 - 0x0000000077027000 	C:\Windows\system32\PSAPI.DLL
0x0000000064970000 - 0x0000000064a42000 	C:\Program Files\Java\jre1.8.0_181\bin\msvcr100.dll
0x00000000668f0000 - 0x0000000067192000 	C:\Program Files\Java\jre1.8.0_181\bin\server\jvm.dll
0x000007fef9540000 - 0x000007fef9549000 	C:\Windows\system32\WSOCK32.dll
0x000007fefd1d0000 - 0x000007fefd21d000 	C:\Windows\system32\WS2_32.dll
0x000007fefead0000 - 0x000007fefead8000 	C:\Windows\system32\NSI.dll
0x000007fefa840000 - 0x000007fefa87b000 	C:\Windows\system32\WINMM.dll
0x000007fefbc20000 - 0x000007fefbc2c000 	C:\Windows\system32\VERSION.dll
0x0000000072b80000 - 0x0000000072b8f000 	C:\Program Files\Java\jre1.8.0_181\bin\verify.dll
0x000000006cd30000 - 0x000000006cd59000 	C:\Program Files\Java\jre1.8.0_181\bin\java.dll
0x000000006d200000 - 0x000000006d216000 	C:\Program Files\Java\jre1.8.0_181\bin\zip.dll

VM Arguments:
jvm_args: -Dfile.encoding=UTF-8 
java_command: model.service.ClassInfoService
java_class_path (initial): C:\Program Files\Java\jre1.8.0_181\lib\resources.jar;C:\Program Files\Java\jre1.8.0_181\lib\rt.jar;C:\Program Files\Java\jre1.8.0_181\lib\jsse.jar;C:\Program Files\Java\jre1.8.0_181\lib\jce.jar;C:\Program Files\Java\jre1.8.0_181\lib\charsets.jar;C:\Program Files\Java\jre1.8.0_181\lib\jfr.jar;C:\Program Files\Java\jre1.8.0_181\lib\ext\access-bridge-64.jar;C:\Program Files\Java\jre1.8.0_181\lib\ext\cldrdata.jar;C:\Program Files\Java\jre1.8.0_181\lib\ext\dnsns.jar;C:\Program Files\Java\jre1.8.0_181\lib\ext\dns_sd.jar;C:\Program Files\Java\jre1.8.0_181\lib\ext\jaccess.jar;C:\Program Files\Java\jre1.8.0_181\lib\ext\jfxrt.jar;C:\Program Files\Java\jre1.8.0_181\lib\ext\localedata.jar;C:\Program Files\Java\jre1.8.0_181\lib\ext\nashorn.jar;C:\Program Files\Java\jre1.8.0_181\lib\ext\sunec.jar;C:\Program Files\Java\jre1.8.0_181\lib\ext\sunjce_provider.jar;C:\Program Files\Java\jre1.8.0_181\lib\ext\sunmscapi.jar;C:\Program Files\Java\jre1.8.0_181\lib\ext\sunpkcs11.jar;C:\Program Files\Java\jre1.8.0_181\lib\ext\zipfs.jar;C:\Users\yhlin\eclipse-workspace\MFG\bin;D:\develop\mysql-connector-java-5.1.46.jar;D:\develop\hibernate\antlr-2.7.7.jar;D:\develop\hibernate\byte-buddy-1.8.0.jar;D:\develop\hibernate\classmate-1.3.0.jar;D:\develop\hibernate\dom4j-1.6.1.jar;D:\develop\hibernate\hibernate-commons-annotations-5.0.3.Final.jar;D:\develop\hibernate\hibernate-core-5.3.0.Final.jar;D:\develop\hibernate\jandex-2.0.3.Final.jar;D:\develop\hibernate\javassist-3.22.0-GA.jar;D:\develop\hibernate\javax.persistence-api-2.2.jar;D:\develop\hibernate\jboss-logging-3.3.2.Final.jar;D:\develop\hibernate\jboss-transaction-api_1.2_spec-1.0.1.Final.jar
Launcher Type: SUN_STANDARD

Environment Variables:
PATH=C:/Program Files/Java/jre1.8.0_181/bin/server;C:/Program Files/Java/jre1.8.0_181/bin;C:/Program Files/Java/jre1.8.0_181/lib/amd64;C:\Program Files (x86)\Common Files\Oracle\Java\javapath;C:\ProgramData\Oracle\Java\javapath;C:\Windows\system32;C:\Windows;C:\Windows\System32\Wbem;C:\Windows\System32\WindowsPowerShell\v1.0\;C:\SWTOOLS\ReadyApps;C:\Users\yhlin\AppData\Local\Programs\Python\Python36-32\Scripts\;C:\Users\yhlin\AppData\Local\Programs\Python\Python36-32\;C:\Users\yhlin\AppData\Local\Programs\Git\cmd;D:\eclipse;
USERNAME=yhlin
OS=Windows_NT
PROCESSOR_IDENTIFIER=Intel64 Family 6 Model 23 Stepping 10, GenuineIntel



---------------  S Y S T E M  ---------------

OS: Windows 7 , 64 bit Build 7601 (6.1.7601.23796)

CPU:total 2 (initial active 2) (2 cores per cpu, 1 threads per core) family 6 model 23 stepping 10, cmov, cx8, fxsr, mmx, sse, sse2, sse3, ssse3, tsc

Memory: 4k page, physical 2061560k(43496k free), swap 8246240k(4488k free)

vm_info: Java HotSpot(TM) 64-Bit Server VM (25.181-b13) for windows-amd64 JRE (1.8.0_181-b13), built on Jul  7 2018 04:01:33 by "java_re" with MS VC++ 10.0 (VS2010)

time: Thu Aug 23 15:26:30 2018
elapsed time: 2 seconds (0d 0h 0m 2s)

